# JRE version: Java(TM) SE Runtime Environment (8.0_112-b15) (build 1.8.0_112-b15)
# Java VM: Java HotSpot(TM) 64-Bit Server VM (25.112-b15 mixed mode windows-amd64 compressed oops)
Heap:
 PSYoungGen      total 58880K, used 29060K [0x00000007bc400000, 0x00000007c0000000, 0x00000007c0000000)
  eden space 56320K, 49% used [0x00000007bc400000,0x00000007bdf650c0,0x00000007bfb00000)
  from space 2560K, 39% used [0x00000007bfd80000,0x00000007bfe7c208,0x00000007c0000000)
  to   space 2560K, 0% used [0x00000007bfb00000,0x00000007bfb00000,0x00000007bfd80000)
 ParOldGen       total 407040K, used 239555K [0x0000000700000000, 0x0000000718d80000, 0x00000007bc400000)
  object space 407040K, 58% used [0x0000000700000000,0x000000070e9f0e98,0x0000000718d80000)
 Metaspace       used 90880K, capacity 91877K, committed 92416K, reserved 1130496K
  class space    used 12028K, capacity 12229K, committed 12288K, reserved 1048576K
GC Heap History (10 events):
Event: 23513.263 GC heap before
{Heap before GC invocations=8357 (full 167):
 PSYoungGen      total 58368K, used 57360K [0x00000007bc400000, 0x00000007c0000000, 0x00000007c0000000)
  eden space 55808K, 100% used [0x00000007bc400000,0x00000007bfa80000,0x00000007bfa80000)
  from space 2560K, 60% used [0x00000007bfa80000,0x00000007bfc040b0,0x00000007bfd00000)
  to   space 2560K, 0% used [0x00000007bfd80000,0x00000007bfd80000,0x00000007c0000000)
 ParOldGen       total 407040K, used 238827K [0x0000000700000000, 0x0000000718d80000, 0x00000007bc400000)
  object space 407040K, 58% used [0x0000000700000000,0x000000070e93ae98,0x0000000718d80000)
 Metaspace       used 90879K, capacity 91877K, committed 92416K, reserved 1130496K
  class space    used 12028K, capacity 12229K, committed 12288K, reserved 1048576K
Event: 23513.268 GC heap after
Heap after GC invocations=8357 (full 167):
 PSYoungGen      total 58880K, used 1520K [0x00000007bc400000, 0x00000007c0000000, 0x00000007c0000000)
  eden space 56320K, 0% used [0x00000007bc400000,0x00000007bc400000,0x00000007bfb00000)
  from space 2560K, 59% used [0x00000007bfd80000,0x00000007bfefc0f8,0x00000007c0000000)
  to   space 2560K, 0% used [0x00000007bfb00000,0x00000007bfb00000,0x00000007bfd80000)
 ParOldGen       total 407040K, used 239003K [0x0000000700000000, 0x0000000718d80000, 0x00000007bc400000)
  object space 407040K, 58% used [0x0000000700000000,0x000000070e966e98,0x0000000718d80000)
 Metaspace       used 90879K, capacity 91877K, committed 92416K, reserved 1130496K
  class space    used 12028K, capacity 12229K, committed 12288K, reserved 1048576K
}
Event: 23513.644 GC heap before
{Heap before GC invocations=8358 (full 167):
 PSYoungGen      total 58880K, used 57840K [0x00000007bc400000, 0x00000007c0000000, 0x00000007c0000000)
  eden space 56320K, 100% used [0x00000007bc400000,0x00000007bfb00000,0x00000007bfb00000)
  from space 2560K, 59% used [0x00000007bfd80000,0x00000007bfefc0f8,0x00000007c0000000)
  to   space 2560K, 0% used [0x00000007bfb00000,0x00000007bfb00000,0x00000007bfd80000)
 ParOldGen       total 407040K, used 239003K [0x0000000700000000, 0x0000000718d80000, 0x00000007bc400000)
  object space 407040K, 58% used [0x0000000700000000,0x000000070e966e98,0x0000000718d80000)
 Metaspace       used 90879K, capacity 91877K, committed 92416K, reserved 1130496K
  class space    used 12028K, capacity 12229K, committed 12288K, reserved 1048576K
Event: 23513.649 GC heap after
Heap after GC invocations=8358 (full 167):
 PSYoungGen      total 58880K, used 1552K [0x00000007bc400000, 0x00000007c0000000, 0x00000007c0000000)
  eden space 56320K, 0% used [0x00000007bc400000,0x00000007bc400000,0x00000007bfb00000)
  from space 2560K, 60% used [0x00000007bfb00000,0x00000007bfc84140,0x00000007bfd80000)
  to   space 2560K, 0% used [0x00000007bfd80000,0x00000007bfd80000,0x00000007c0000000)
 ParOldGen       total 407040K, used 239187K [0x0000000700000000, 0x0000000718d80000, 0x00000007bc400000)
  object space 407040K, 58% used [0x0000000700000000,0x000000070e994e98,0x0000000718d80000)
 Metaspace       used 90879K, capacity 91877K, committed 92416K, reserved 1130496K
  class space    used 12028K, capacity 12229K, committed 12288K, reserved 1048576K
}
Event: 23514.020 GC heap before
{Heap before GC invocations=8359 (full 167):
 PSYoungGen      total 58880K, used 57872K [0x00000007bc400000, 0x00000007c0000000, 0x00000007c0000000)
  eden space 56320K, 100% used [0x00000007bc400000,0x00000007bfb00000,0x00000007bfb00000)
  from space 2560K, 60% used [0x00000007bfb00000,0x00000007bfc84140,0x00000007bfd80000)
  to   space 2560K, 0% used [0x00000007bfd80000,0x00000007bfd80000,0x00000007c0000000)
 ParOldGen       total 407040K, used 239187K [0x0000000700000000, 0x0000000718d80000, 0x00000007bc400000)
  object space 407040K, 58% used [0x0000000700000000,0x000000070e994e98,0x0000000718d80000)
 Metaspace       used 90879K, capacity 91877K, committed 92416K, reserved 1130496K
  class space    used 12028K, capacity 12229K, committed 12288K, reserved 1048576K
Event: 23514.026 GC heap after
Heap after GC invocations=8359 (full 167):
 PSYoungGen      total 58880K, used 1488K [0x00000007bc400000, 0x00000007c0000000, 0x00000007c0000000)
  eden space 56320K, 0% used [0x00000007bc400000,0x00000007bc400000,0x00000007bfb00000)
  from space 2560K, 58% used [0x00000007bfd80000,0x00000007bfef4190,0x00000007c0000000)
  to   space 2560K, 0% used [0x00000007bfb00000,0x00000007bfb00000,0x00000007bfd80000)
 ParOldGen       total 407040K, used 239371K [0x0000000700000000, 0x0000000718d80000, 0x00000007bc400000)
  object space 407040K, 58% used [0x0000000700000000,0x000000070e9c2e98,0x0000000718d80000)
 Metaspace       used 90879K, capacity 91877K, committed 92416K, reserved 1130496K
  class space    used 12028K, capacity 12229K, committed 12288K, reserved 1048576K
}
Event: 23514.407 GC heap before
{Heap before GC invocations=8360 (full 167):
 PSYoungGen      total 58880K, used 57808K [0x00000007bc400000, 0x00000007c0000000, 0x00000007c0000000)
  eden space 56320K, 100% used [0x00000007bc400000,0x00000007bfb00000,0x00000007bfb00000)
  from space 2560K, 58% used [0x00000007bfd80000,0x00000007bfef4190,0x00000007c0000000)
  to   space 2560K, 0% used [0x00000007bfb00000,0x00000007bfb00000,0x00000007bfd80000)
 ParOldGen       total 407040K, used 239371K [0x0000000700000000, 0x0000000718d80000, 0x00000007bc400000)
  object space 407040K, 58% used [0x0000000700000000,0x000000070e9c2e98,0x0000000718d80000)
 Metaspace       used 90879K, capacity 91877K, committed 92416K, reserved 1130496K
  class space    used 12028K, capacity 12229K, committed 12288K, reserved 1048576K
Event: 23514.412 GC heap after
Heap after GC invocations=8360 (full 167):
 PSYoungGen      total 58880K, used 1568K [0x00000007bc400000, 0x00000007c0000000, 0x00000007c0000000)
  eden space 56320K, 0% used [0x00000007bc400000,0x00000007bc400000,0x00000007bfb00000)
  from space 2560K, 61% used [0x00000007bfb00000,0x00000007bfc88000,0x00000007bfd80000)
  to   space 2560K, 0% used [0x00000007bfd80000,0x00000007bfd80000,0x00000007c0000000)
 ParOldGen       total 407040K, used 239555K [0x0000000700000000, 0x0000000718d80000, 0x00000007bc400000)
  object space 407040K, 58% used [0x0000000700000000,0x000000070e9f0e98,0x0000000718d80000)
 Metaspace       used 90879K, capacity 91877K, committed 92416K, reserved 1130496K
  class space    used 12028K, capacity 12229K, committed 12288K, reserved 1048576K
}
Event: 23515.435 GC heap before
{Heap before GC invocations=8361 (full 167):
 PSYoungGen      total 58880K, used 57888K [0x00000007bc400000, 0x00000007c0000000, 0x00000007c0000000)
  eden space 56320K, 100% used [0x00000007bc400000,0x00000007bfb00000,0x00000007bfb00000)
  from space 2560K, 61% used [0x00000007bfb00000,0x00000007bfc88000,0x00000007bfd80000)
  to   space 2560K, 0% used [0x00000007bfd80000,0x00000007bfd80000,0x00000007c0000000)
 ParOldGen       total 407040K, used 239555K [0x0000000700000000, 0x0000000718d80000, 0x00000007bc400000)
  object space 407040K, 58% used [0x0000000700000000,0x000000070e9f0e98,0x0000000718d80000)
 Metaspace       used 90879K, capacity 91877K, committed 92416K, reserved 1130496K
  class space    used 12028K, capacity 12229K, committed 12288K, reserved 1048576K
Event: 23515.442 GC heap after
Heap after GC invocations=8361 (full 167):
 PSYoungGen      total 58880K, used 1008K [0x00000007bc400000, 0x00000007c0000000, 0x00000007c0000000)
  eden space 56320K, 0% used [0x00000007bc400000,0x00000007bc400000,0x00000007bfb00000)
  from space 2560K, 39% used [0x00000007bfd80000,0x00000007bfe7c208,0x00000007c0000000)
  to   space 2560K, 0% used [0x00000007bfb00000,0x00000007bfb00000,0x00000007bfd80000)
 ParOldGen       total 407040K, used 239555K [0x0000000700000000, 0x0000000718d80000, 0x00000007bc400000)
  object space 407040K, 58% used [0x0000000700000000,0x000000070e9f0e98,0x0000000718d80000)
 Metaspace       used 90879K, capacity 91877K, committed 92416K, reserved 1130496K
  class space    used 12028K, capacity 12229K, committed 12288K, reserved 1048576K
}

